{"uuid":"b43cd2cb-2a14-4898-b988-267086947d67","historyId":"782b9e38d811c045352a8751c9385348","fullName":"Graph3: Graph page validation","labels":[{"name":"tag","value":"Graph3"},{"name":"host","value":"Sivashankari"},{"name":"thread","value":"27148@Sivashankari.main(1)"},{"name":"feature","value":"Graph3"},{"name":"story","value":"Graph page validation"},{"name":"suite","value":"Graph3"},{"name":"testClass","value":"Graph page validation"},{"name":"framework","value":"cucumber4jvm"},{"name":"language","value":"java"},{"name":"gherkin_uri","value":"file:///C:/Users/sivas/git/DsAlgo/DSALGO/src/test/resources/Features/4Graph.feature"},{"name":"package","value":"src.test.resources.Features.4Graph_feature.Graph3"}],"links":[],"name":"Graph page validation","status":"broken","statusDetails":{"known":false,"muted":false,"flaky":false,"message":"unexpected alert open: {Alert text : NameError: name 'pythonCode' is not defined on line 1}\n  (Session info: chrome=112.0.5615.49): NameError: name 'pythonCode' is not defined on line 1\nBuild info: version: '4.8.2', revision: '826dbfc730'\nSystem info: os.name: 'Windows 11', os.arch: 'amd64', os.version: '10.0', java.version: '17.0.2'\nDriver info: org.openqa.selenium.chrome.ChromeDriver\nCommand: [6c54370847ed36e70907b6ad7f8060ff, get {url=https://dsportalapp.herokuapp.com/home}]\nCapabilities {acceptInsecureCerts: false, browserName: chrome, browserVersion: 112.0.5615.49, chrome: {chromedriverVersion: 112.0.5615.49 (bd2a7bcb881c..., userDataDir: C:\\Users\\sivas\\AppData\\Loca...}, goog:chromeOptions: {debuggerAddress: localhost:53340}, networkConnectionEnabled: false, pageLoadStrategy: normal, platformName: WINDOWS, proxy: Proxy(), se:cdp: ws://localhost:53340/devtoo..., se:cdpVersion: 112.0.5615.49, setWindowRect: true, strictFileInteractability: false, timeouts: {implicit: 0, pageLoad: 300000, script: 30000}, unhandledPromptBehavior: dismiss and notify, webauthn:extension:credBlob: true, webauthn:extension:largeBlob: true, webauthn:extension:minPinLength: true, webauthn:extension:prf: true, webauthn:virtualAuthenticators: true}\nSession ID: 6c54370847ed36e70907b6ad7f8060ff","trace":"org.openqa.selenium.UnhandledAlertException: unexpected alert open: {Alert text : NameError: name 'pythonCode' is not defined on line 1}\n  (Session info: chrome=112.0.5615.49): NameError: name 'pythonCode' is not defined on line 1\nBuild info: version: '4.8.2', revision: '826dbfc730'\nSystem info: os.name: 'Windows 11', os.arch: 'amd64', os.version: '10.0', java.version: '17.0.2'\nDriver info: org.openqa.selenium.chrome.ChromeDriver\nCommand: [6c54370847ed36e70907b6ad7f8060ff, get {url=https://dsportalapp.herokuapp.com/home}]\nCapabilities {acceptInsecureCerts: false, browserName: chrome, browserVersion: 112.0.5615.49, chrome: {chromedriverVersion: 112.0.5615.49 (bd2a7bcb881c..., userDataDir: C:\\Users\\sivas\\AppData\\Loca...}, goog:chromeOptions: {debuggerAddress: localhost:53340}, networkConnectionEnabled: false, pageLoadStrategy: normal, platformName: WINDOWS, proxy: Proxy(), se:cdp: ws://localhost:53340/devtoo..., se:cdpVersion: 112.0.5615.49, setWindowRect: true, strictFileInteractability: false, timeouts: {implicit: 0, pageLoad: 300000, script: 30000}, unhandledPromptBehavior: dismiss and notify, webauthn:extension:credBlob: true, webauthn:extension:largeBlob: true, webauthn:extension:minPinLength: true, webauthn:extension:prf: true, webauthn:virtualAuthenticators: true}\nSession ID: 6c54370847ed36e70907b6ad7f8060ff\r\n\tat org.openqa.selenium.remote.codec.w3c.W3CHttpResponseCodec.decode(W3CHttpResponseCodec.java:131)\r\n\tat org.openqa.selenium.remote.codec.w3c.W3CHttpResponseCodec.decode(W3CHttpResponseCodec.java:53)\r\n\tat org.openqa.selenium.remote.HttpCommandExecutor.execute(HttpCommandExecutor.java:193)\r\n\tat org.openqa.selenium.remote.service.DriverCommandExecutor.invokeExecute(DriverCommandExecutor.java:183)\r\n\tat org.openqa.selenium.remote.service.DriverCommandExecutor.execute(DriverCommandExecutor.java:158)\r\n\tat org.openqa.selenium.remote.RemoteWebDriver.execute(RemoteWebDriver.java:543)\r\n\tat org.openqa.selenium.remote.RemoteWebDriver.get(RemoteWebDriver.java:297)\r\n\tat StepDefinition.GraphSD.user_is_navigated_to_home_page(GraphSD.java:88)\r\n\tat ✽.user is navigated to home page \"https://dsportalapp.herokuapp.com/home\"(file:///C:/Users/sivas/git/DsAlgo/DSALGO/src/test/resources/Features/4Graph.feature:13)\r\n"},"stage":"finished","steps":[{"name":"Given  User clicks on Getstarted button under Graph","status":"passed","statusDetails":{"known":false,"muted":false,"flaky":false},"stage":"finished","steps":[],"attachments":[],"parameters":[],"start":1681327227624,"stop":1681327227807},{"name":"When  User clicks on Graph","status":"passed","statusDetails":{"known":false,"muted":false,"flaky":false},"stage":"finished","steps":[],"attachments":[],"parameters":[],"start":1681327227808,"stop":1681327228006},{"name":"When  User clicks on Try here under Graphpagevalidation","status":"passed","statusDetails":{"known":false,"muted":false,"flaky":false},"stage":"finished","steps":[],"attachments":[],"parameters":[],"start":1681327228006,"stop":1681327228599},{"name":"When  User enters the pythonCode of Graphpagevalidation","status":"passed","statusDetails":{"known":false,"muted":false,"flaky":false},"stage":"finished","steps":[],"attachments":[],"parameters":[],"start":1681327228600,"stop":1681327228900},{"name":"And  clicks on Run button of Graphpagevalidation","status":"passed","statusDetails":{"known":false,"muted":false,"flaky":false},"stage":"finished","steps":[],"attachments":[],"parameters":[],"start":1681327228900,"stop":1681327229962},{"name":"Then  user is navigated to home page \"https://dsportalapp.herokuapp.com/home\"","status":"broken","statusDetails":{"known":false,"muted":false,"flaky":false,"message":"unexpected alert open: {Alert text : NameError: name 'pythonCode' is not defined on line 1}\n  (Session info: chrome=112.0.5615.49): NameError: name 'pythonCode' is not defined on line 1\nBuild info: version: '4.8.2', revision: '826dbfc730'\nSystem info: os.name: 'Windows 11', os.arch: 'amd64', os.version: '10.0', java.version: '17.0.2'\nDriver info: org.openqa.selenium.chrome.ChromeDriver\nCommand: [6c54370847ed36e70907b6ad7f8060ff, get {url=https://dsportalapp.herokuapp.com/home}]\nCapabilities {acceptInsecureCerts: false, browserName: chrome, browserVersion: 112.0.5615.49, chrome: {chromedriverVersion: 112.0.5615.49 (bd2a7bcb881c..., userDataDir: C:\\Users\\sivas\\AppData\\Loca...}, goog:chromeOptions: {debuggerAddress: localhost:53340}, networkConnectionEnabled: false, pageLoadStrategy: normal, platformName: WINDOWS, proxy: Proxy(), se:cdp: ws://localhost:53340/devtoo..., se:cdpVersion: 112.0.5615.49, setWindowRect: true, strictFileInteractability: false, timeouts: {implicit: 0, pageLoad: 300000, script: 30000}, unhandledPromptBehavior: dismiss and notify, webauthn:extension:credBlob: true, webauthn:extension:largeBlob: true, webauthn:extension:minPinLength: true, webauthn:extension:prf: true, webauthn:virtualAuthenticators: true}\nSession ID: 6c54370847ed36e70907b6ad7f8060ff","trace":"org.openqa.selenium.UnhandledAlertException: unexpected alert open: {Alert text : NameError: name 'pythonCode' is not defined on line 1}\n  (Session info: chrome=112.0.5615.49): NameError: name 'pythonCode' is not defined on line 1\nBuild info: version: '4.8.2', revision: '826dbfc730'\nSystem info: os.name: 'Windows 11', os.arch: 'amd64', os.version: '10.0', java.version: '17.0.2'\nDriver info: org.openqa.selenium.chrome.ChromeDriver\nCommand: [6c54370847ed36e70907b6ad7f8060ff, get {url=https://dsportalapp.herokuapp.com/home}]\nCapabilities {acceptInsecureCerts: false, browserName: chrome, browserVersion: 112.0.5615.49, chrome: {chromedriverVersion: 112.0.5615.49 (bd2a7bcb881c..., userDataDir: C:\\Users\\sivas\\AppData\\Loca...}, goog:chromeOptions: {debuggerAddress: localhost:53340}, networkConnectionEnabled: false, pageLoadStrategy: normal, platformName: WINDOWS, proxy: Proxy(), se:cdp: ws://localhost:53340/devtoo..., se:cdpVersion: 112.0.5615.49, setWindowRect: true, strictFileInteractability: false, timeouts: {implicit: 0, pageLoad: 300000, script: 30000}, unhandledPromptBehavior: dismiss and notify, webauthn:extension:credBlob: true, webauthn:extension:largeBlob: true, webauthn:extension:minPinLength: true, webauthn:extension:prf: true, webauthn:virtualAuthenticators: true}\nSession ID: 6c54370847ed36e70907b6ad7f8060ff\r\n\tat org.openqa.selenium.remote.codec.w3c.W3CHttpResponseCodec.decode(W3CHttpResponseCodec.java:131)\r\n\tat org.openqa.selenium.remote.codec.w3c.W3CHttpResponseCodec.decode(W3CHttpResponseCodec.java:53)\r\n\tat org.openqa.selenium.remote.HttpCommandExecutor.execute(HttpCommandExecutor.java:193)\r\n\tat org.openqa.selenium.remote.service.DriverCommandExecutor.invokeExecute(DriverCommandExecutor.java:183)\r\n\tat org.openqa.selenium.remote.service.DriverCommandExecutor.execute(DriverCommandExecutor.java:158)\r\n\tat org.openqa.selenium.remote.RemoteWebDriver.execute(RemoteWebDriver.java:543)\r\n\tat org.openqa.selenium.remote.RemoteWebDriver.get(RemoteWebDriver.java:297)\r\n\tat StepDefinition.GraphSD.user_is_navigated_to_home_page(GraphSD.java:88)\r\n\tat ✽.user is navigated to home page \"https://dsportalapp.herokuapp.com/home\"(file:///C:/Users/sivas/git/DsAlgo/DSALGO/src/test/resources/Features/4Graph.feature:13)\r\n"},"stage":"finished","steps":[],"attachments":[],"parameters":[],"start":1681327229963,"stop":1681327229977}],"attachments":[],"parameters":[],"start":1681327227619,"stop":1681327230100}